Using pre-set license
Built from '2020.3/release' branch; Version is '2020.3.1f1 (77a89f25062f) revision 7841951'; Using compiler version '192528614'; Build Type 'Release'
OS: 'Windows 10 Home Single Language; OS build 19043.1415; Version 2009; 64bit' Language: 'es' Physical Memory: 8084 MB
BatchMode: 1, IsHumanControllingUs: 0, StartBugReporterOnCrash: 0, Is64bit: 1, IsPro: 0

 COMMAND LINE ARGUMENTS:
C:\Program Files\Unity\Hub\Editor\2020.3.1f1\Editor\Unity.exe
-adb2
-batchMode
-noUpm
-name
AssetImportWorker0
-projectPath
C:/Users/eduar/Desktop/Unities/ProyectoTallerNoviembre2021.2
-logFile
Logs/AssetImportWorker0.log
-srvPort
57115
Successfully changed project path to: C:/Users/eduar/Desktop/Unities/ProyectoTallerNoviembre2021.2
C:/Users/eduar/Desktop/Unities/ProyectoTallerNoviembre2021.2
Using Asset Import Pipeline V2.
Refreshing native plugins compatible for Editor in 66.55 ms, found 0 plugins.
Preloading 0 native plugins for Editor in 0.00 ms.
Initialize engine version: 2020.3.1f1 (77a89f25062f)
[Subsystems] Discovering subsystems at path C:/Program Files/Unity/Hub/Editor/2020.3.1f1/Editor/Data/Resources/UnitySubsystems
[Subsystems] Discovering subsystems at path C:/Users/eduar/Desktop/Unities/ProyectoTallerNoviembre2021.2/Assets
GfxDevice: creating device client; threaded=0
Direct3D:
    Version:  Direct3D 11.0 [level 11.1]
    Renderer: NVIDIA GeForce GTX 1050 (ID=0x1c8d)
    Vendor:   
    VRAM:     1979 MB
    Driver:   26.21.14.4587
Initialize mono
Mono path[0] = 'C:/Program Files/Unity/Hub/Editor/2020.3.1f1/Editor/Data/Managed'
Mono path[1] = 'C:/Program Files/Unity/Hub/Editor/2020.3.1f1/Editor/Data/MonoBleedingEdge/lib/mono/unityjit'
Mono config path = 'C:/Program Files/Unity/Hub/Editor/2020.3.1f1/Editor/Data/MonoBleedingEdge/etc'
Using monoOptions --debugger-agent=transport=dt_socket,embedding=1,server=y,suspend=n,address=127.0.0.1:56716
Begin MonoManager ReloadAssembly
Registering precompiled unity dll's ...
Register platform support module: C:/Program Files/Unity/Hub/Editor/2020.3.1f1/Editor/Data/PlaybackEngines/WindowsStandaloneSupport/UnityEditor.WindowsStandalone.Extensions.dll
Registered in 0.003522 seconds.
Native extension for WindowsStandalone target not found
Refreshing native plugins compatible for Editor in 65.14 ms, found 0 plugins.
Preloading 0 native plugins for Editor in 0.00 ms.
Invoked RoslynAnalysisRunner static constructor.
RoslynAnalysisRunner will not be running.
RoslynAnalysisRunner has terminated.
Mono: successfully reloaded assembly
- Completed reload, in  2.039 seconds
Platform modules already initialized, skipping
Registering precompiled user dll's ...
Registered in 0.001370 seconds.
Begin MonoManager ReloadAssembly
Native extension for WindowsStandalone target not found
Refreshing native plugins compatible for Editor in 0.50 ms, found 0 plugins.
Preloading 0 native plugins for Editor in 0.00 ms.
Invoked RoslynAnalysisRunner static constructor.
RoslynAnalysisRunner will not be running.
RoslynAnalysisRunner has terminated.
Mono: successfully reloaded assembly
- Completed reload, in  2.125 seconds
Platform modules already initialized, skipping
========================================================================
Worker process is ready to serve import requests
Launched and connected shader compiler UnityShaderCompiler.exe after 0.24 seconds
Refreshing native plugins compatible for Editor in 0.37 ms, found 0 plugins.
Preloading 0 native plugins for Editor in 0.00 ms.
Unloading 1528 Unused Serialized files (Serialized files now loaded: 0)
System memory in use before: 149.0 MB.
System memory in use after: 149.1 MB.

Unloading 15 unused Assets to reduce memory usage. Loaded Objects now: 1980.
Total: 2.352500 ms (FindLiveObjects: 0.252100 ms CreateObjectMapping: 0.123700 ms MarkObjects: 1.860500 ms  DeleteObjects: 0.114400 ms)

========================================================================
Received Import Request.
  path: Assets/Scenes/Main/ReflectionProbe-3.exr
  artifactKey: Guid(f319d2d4df093224684b4dae47534bb6) Importer(815301076,1909f56bfc062723c751e8b465ee728b)
Start importing Assets/Scenes/Main/ReflectionProbe-3.exr using Guid(f319d2d4df093224684b4dae47534bb6) Importer(815301076,1909f56bfc062723c751e8b465ee728b)  -> (artifact id: 'd87e7df1f8a43cb0a87d469d8a507b90') in 1.206341 seconds
  Import took 1.248095 seconds .

========================================================================
Received Import Request.
  Time since last request: 0.000316 seconds.
  path: Assets/Scenes/Main/ReflectionProbe-6.exr
  artifactKey: Guid(4c246300583a15b4690337afb12daf70) Importer(815301076,1909f56bfc062723c751e8b465ee728b)
Start importing Assets/Scenes/Main/ReflectionProbe-6.exr using Guid(4c246300583a15b4690337afb12daf70) Importer(815301076,1909f56bfc062723c751e8b465ee728b)  -> (artifact id: '6625b811ed50d7c0e0f6683c56b788d5') in 1.254123 seconds
  Import took 1.292666 seconds .

========================================================================
Received Import Request.
  Time since last request: 0.000265 seconds.
  path: Assets/Scenes/Main/ReflectionProbe-1.exr
  artifactKey: Guid(1a72c321dc0ef67408cdc146ea283607) Importer(815301076,1909f56bfc062723c751e8b465ee728b)
Start importing Assets/Scenes/Main/ReflectionProbe-1.exr using Guid(1a72c321dc0ef67408cdc146ea283607) Importer(815301076,1909f56bfc062723c751e8b465ee728b)  -> (artifact id: '82cbd11cfa30a082ddbf536b51918fad') in 0.117924 seconds
  Import took 0.151596 seconds .

========================================================================
Received Import Request.
  Time since last request: 0.000308 seconds.
  path: Assets/Scenes/Main/LightingData.asset
  artifactKey: Guid(5ad991571b598ea40b9f6ad91d4d9077) Importer(815301076,1909f56bfc062723c751e8b465ee728b)
Start importing Assets/Scenes/Main/LightingData.asset using Guid(5ad991571b598ea40b9f6ad91d4d9077) Importer(815301076,1909f56bfc062723c751e8b465ee728b)  -> (artifact id: 'b0b9922920ba2a5a83229a3d7de05994') in 0.406646 seconds
  Import took 0.426617 seconds .

========================================================================
Received Import Request.
  Time since last request: 0.000291 seconds.
  path: Assets/Scenes/Main
  artifactKey: Guid(f1c25cae5d366b94bba0899612a4ba45) Importer(815301076,1909f56bfc062723c751e8b465ee728b)
Start importing Assets/Scenes/Main using Guid(f1c25cae5d366b94bba0899612a4ba45) Importer(815301076,1909f56bfc062723c751e8b465ee728b)  -> (artifact id: '45a95d1286d2442c54c8f2bee930fae0') in 0.183378 seconds
  Import took 0.214424 seconds .

========================================================================
Received Import Request.
  Time since last request: 0.000272 seconds.
  path: Assets/Scenes/Main/ReflectionProbe-5.exr
  artifactKey: Guid(f22b5645f939fc14eb097b1189fb2c8f) Importer(815301076,1909f56bfc062723c751e8b465ee728b)
Start importing Assets/Scenes/Main/ReflectionProbe-5.exr using Guid(f22b5645f939fc14eb097b1189fb2c8f) Importer(815301076,1909f56bfc062723c751e8b465ee728b)  -> (artifact id: '2e637b21693cf15339dc87f43324902a') in 0.130413 seconds
  Import took 0.176020 seconds .

========================================================================
Received Import Request.
  Time since last request: 0.000260 seconds.
  path: Assets/Scenes/Main/Lightmap-1_comp_dir.png
  artifactKey: Guid(930c85f85f52ab0498118329c192ee2c) Importer(815301076,1909f56bfc062723c751e8b465ee728b)
Start importing Assets/Scenes/Main/Lightmap-1_comp_dir.png using Guid(930c85f85f52ab0498118329c192ee2c) Importer(815301076,1909f56bfc062723c751e8b465ee728b)  -> (artifact id: 'ae13304692373c6c6e717979ae303f08') in 2.089413 seconds
  Import took 2.093511 seconds .

========================================================================
Received Import Request.
  Time since last request: 0.000289 seconds.
  path: Assets/ImagenesPrueba/QuitGame.png
  artifactKey: Guid(d36c0d53baa831e42aa9af4370a57430) Importer(815301076,1909f56bfc062723c751e8b465ee728b)
Start importing Assets/ImagenesPrueba/QuitGame.png using Guid(d36c0d53baa831e42aa9af4370a57430) Importer(815301076,1909f56bfc062723c751e8b465ee728b)  -> (artifact id: 'fba92ba64eb98cb9ae7c455ebe950b2e') in 0.562712 seconds
  Import took 0.605458 seconds .

========================================================================
Received Import Request.
  Time since last request: 0.000268 seconds.
  path: Assets/ImagenesPrueba/GearCollecteText.png
  artifactKey: Guid(598bc019ca466fd48842f415d9602860) Importer(815301076,1909f56bfc062723c751e8b465ee728b)
Start importing Assets/ImagenesPrueba/GearCollecteText.png using Guid(598bc019ca466fd48842f415d9602860) Importer(815301076,1909f56bfc062723c751e8b465ee728b)  -> (artifact id: '55caff0b391497efdb967a8337d22eac') in 0.161272 seconds
  Import took 0.195055 seconds .

========================================================================
Received Import Request.
  Time since last request: 0.000571 seconds.
  path: Assets/ImagenesPrueba/MechHealth.png
  artifactKey: Guid(10e64e7dda73eb143ade1b1cb524e72e) Importer(815301076,1909f56bfc062723c751e8b465ee728b)
Start importing Assets/ImagenesPrueba/MechHealth.png using Guid(10e64e7dda73eb143ade1b1cb524e72e) Importer(815301076,1909f56bfc062723c751e8b465ee728b)  -> (artifact id: 'a8e5e8e3a599140efcad9e29cd299fa1') in 1.123099 seconds
  Import took 1.192156 seconds .

========================================================================
Received Import Request.
  Time since last request: 0.000533 seconds.
  path: Assets/ImagenesPrueba/ResumeGameText.png
  artifactKey: Guid(e4cddcd369da0d246ab610e916ea7c45) Importer(815301076,1909f56bfc062723c751e8b465ee728b)
Start importing Assets/ImagenesPrueba/ResumeGameText.png using Guid(e4cddcd369da0d246ab610e916ea7c45) Importer(815301076,1909f56bfc062723c751e8b465ee728b)  -> (artifact id: '17944653b510037bb2cdcf4f99af69c5') in 0.113501 seconds
  Import took 0.118237 seconds .

========================================================================
Received Import Request.
  Time since last request: 0.000266 seconds.
  path: Assets/ImagenesPrueba/LightIcon.png
  artifactKey: Guid(e533151875b01f54d8bc7a2b3fc84f98) Importer(815301076,1909f56bfc062723c751e8b465ee728b)
Start importing Assets/ImagenesPrueba/LightIcon.png using Guid(e533151875b01f54d8bc7a2b3fc84f98) Importer(815301076,1909f56bfc062723c751e8b465ee728b)  -> (artifact id: '43a439f74707bc7accb75b3b3c7775dc') in 0.311601 seconds
  Import took 0.351280 seconds .

========================================================================
Received Import Request.
  Time since last request: 0.000253 seconds.
  path: Assets/ImagenesPrueba/Mecha.png
  artifactKey: Guid(666e3d27944981c468a819e9d93ddb9b) Importer(815301076,1909f56bfc062723c751e8b465ee728b)
Start importing Assets/ImagenesPrueba/Mecha.png using Guid(666e3d27944981c468a819e9d93ddb9b) Importer(815301076,1909f56bfc062723c751e8b465ee728b)  -> (artifact id: 'd122f560b4c0c6659f23059902035232') in 0.192461 seconds
  Import took 0.196587 seconds .

========================================================================
Received Import Request.
  Time since last request: 0.000282 seconds.
  path: Assets/ImagenesPrueba/BuildThrowableLightText.png
  artifactKey: Guid(eab773fc511cb244a9ce4ce08b6aca84) Importer(815301076,1909f56bfc062723c751e8b465ee728b)
Start importing Assets/ImagenesPrueba/BuildThrowableLightText.png using Guid(eab773fc511cb244a9ce4ce08b6aca84) Importer(815301076,1909f56bfc062723c751e8b465ee728b)  -> (artifact id: '69b4d32e8927027f94e0604cb0c8f6b6') in 0.078855 seconds
  Import took 0.100208 seconds .

========================================================================
Received Import Request.
  Time since last request: 0.000274 seconds.
  path: Assets/ImagenesPrueba/BebidaEnergetica.png
  artifactKey: Guid(90a04e86e4011db4182ebd687618ef38) Importer(815301076,1909f56bfc062723c751e8b465ee728b)
Start importing Assets/ImagenesPrueba/BebidaEnergetica.png using Guid(90a04e86e4011db4182ebd687618ef38) Importer(815301076,1909f56bfc062723c751e8b465ee728b)  -> (artifact id: '41fffda8bbff032209ce78034171f844') in 0.106239 seconds
  Import took 0.143747 seconds .

========================================================================
Received Import Request.
  Time since last request: 0.000273 seconds.
  path: Assets/ImagenesPrueba/BuildBasicLanternText.png
  artifactKey: Guid(4979537b487eab0428f78c8db8fb8a95) Importer(815301076,1909f56bfc062723c751e8b465ee728b)
Start importing Assets/ImagenesPrueba/BuildBasicLanternText.png using Guid(4979537b487eab0428f78c8db8fb8a95) Importer(815301076,1909f56bfc062723c751e8b465ee728b)  -> (artifact id: 'b9b6aca6da6a594485e380946421b40a') in 0.103142 seconds
  Import took 0.141004 seconds .

========================================================================
Received Import Request.
  Time since last request: 0.000280 seconds.
  path: Assets/ImagenesPrueba/NoEnoughResorcesIcon.png
  artifactKey: Guid(91d2c7133312b9043a3bf0e8b7893177) Importer(815301076,1909f56bfc062723c751e8b465ee728b)
Start importing Assets/ImagenesPrueba/NoEnoughResorcesIcon.png using Guid(91d2c7133312b9043a3bf0e8b7893177) Importer(815301076,1909f56bfc062723c751e8b465ee728b)  -> (artifact id: '35125e8c2875abcce122ba17e5cb57cf') in 0.109631 seconds
  Import took 0.155320 seconds .

========================================================================
Received Import Request.
  Time since last request: 0.000262 seconds.
  path: Assets/Scenes/Main/Lightmap-1_comp_light.exr
  artifactKey: Guid(5c2abfa81b784154abbfcfd22f2e73a1) Importer(815301076,1909f56bfc062723c751e8b465ee728b)
Start importing Assets/Scenes/Main/Lightmap-1_comp_light.exr using Guid(5c2abfa81b784154abbfcfd22f2e73a1) Importer(815301076,1909f56bfc062723c751e8b465ee728b)  -> (artifact id: 'e4f2a2c1023978c4dc6d2325e6462033') in 0.139949 seconds
  Import took 0.144502 seconds .

========================================================================
Received Import Request.
  Time since last request: 0.000276 seconds.
  path: Assets/Scenes/Main/ReflectionProbe-7.exr
  artifactKey: Guid(5debba57b5b312647adf406fd49d2d1d) Importer(815301076,1909f56bfc062723c751e8b465ee728b)
Start importing Assets/Scenes/Main/ReflectionProbe-7.exr using Guid(5debba57b5b312647adf406fd49d2d1d) Importer(815301076,1909f56bfc062723c751e8b465ee728b)  -> (artifact id: '8d9da54e03246acc09d9c495c26b4a59') in 0.162963 seconds
  Import took 0.254041 seconds .

========================================================================
Received Import Request.
  Time since last request: 0.000281 seconds.
  path: Assets/Scenes/SampleScene/NavMesh.asset
  artifactKey: Guid(c16f2859737231a44931527ce7617095) Importer(815301076,1909f56bfc062723c751e8b465ee728b)
Start importing Assets/Scenes/SampleScene/NavMesh.asset using Guid(c16f2859737231a44931527ce7617095) Importer(815301076,1909f56bfc062723c751e8b465ee728b)  -> (artifact id: 'c87271ba150a1e5da5de2dfccef0d3d7') in 0.062548 seconds
  Import took 0.069600 seconds .

========================================================================
Received Import Request.
  Time since last request: 0.000258 seconds.
  path: Assets/ImagenesPrueba/ThrowableLightLeftText.png
  artifactKey: Guid(9262925e68b080d43b2cd211d8d95879) Importer(815301076,1909f56bfc062723c751e8b465ee728b)
Start importing Assets/ImagenesPrueba/ThrowableLightLeftText.png using Guid(9262925e68b080d43b2cd211d8d95879) Importer(815301076,1909f56bfc062723c751e8b465ee728b)  -> (artifact id: 'aff53a352c6acf0153ff186af675d03b') in 0.080447 seconds
  Import took 0.085087 seconds .

========================================================================
Received Import Request.
  Time since last request: 0.000272 seconds.
  path: Assets/Scenes/Main/ReflectionProbe-4.exr
  artifactKey: Guid(8bff01e3b001df7459b7334c615fc50d) Importer(815301076,1909f56bfc062723c751e8b465ee728b)
Start importing Assets/Scenes/Main/ReflectionProbe-4.exr using Guid(8bff01e3b001df7459b7334c615fc50d) Importer(815301076,1909f56bfc062723c751e8b465ee728b)  -> (artifact id: 'be5e8a5237ce87ac9c3a7e9e688222a4') in 1.208303 seconds
  Import took 1.212494 seconds .

========================================================================
Received Import Request.
  Time since last request: 0.000372 seconds.
  path: Assets/ImagenesPrueba/CircuitCollectedText.png
  artifactKey: Guid(db687926bc78d384493ae1be9be3f6c2) Importer(815301076,1909f56bfc062723c751e8b465ee728b)
Start importing Assets/ImagenesPrueba/CircuitCollectedText.png using Guid(db687926bc78d384493ae1be9be3f6c2) Importer(815301076,1909f56bfc062723c751e8b465ee728b)  -> (artifact id: '987f2c851e71b78f2c6714b445531eda') in 0.146905 seconds
  Import took 0.150936 seconds .

========================================================================
Received Import Request.
  Time since last request: 0.000251 seconds.
  path: Assets/ImagenesPrueba/RestartLevel.png
  artifactKey: Guid(9b6d673a9465f0f449fbb104275b0e79) Importer(815301076,1909f56bfc062723c751e8b465ee728b)
Start importing Assets/ImagenesPrueba/RestartLevel.png using Guid(9b6d673a9465f0f449fbb104275b0e79) Importer(815301076,1909f56bfc062723c751e8b465ee728b)  -> (artifact id: '17916a2c002527aa25f4601eaafde619') in 0.104736 seconds
  Import took 0.109086 seconds .

========================================================================
Received Import Request.
  Time since last request: 0.000252 seconds.
  path: Assets/ImagenesPrueba/Linterna.png
  artifactKey: Guid(b7eb3054f55155d44a01bca3a9819589) Importer(815301076,1909f56bfc062723c751e8b465ee728b)
Start importing Assets/ImagenesPrueba/Linterna.png using Guid(b7eb3054f55155d44a01bca3a9819589) Importer(815301076,1909f56bfc062723c751e8b465ee728b)  -> (artifact id: '99b816f2b1c9ddd81fdf32616adf73a8') in 0.280340 seconds
  Import took 0.294164 seconds .

========================================================================
Received Import Request.
  Time since last request: 0.000415 seconds.
  path: Assets/ImagenesPrueba/UseEnergyDrinkText.png
  artifactKey: Guid(a76d480def3a992448c950326ad58b47) Importer(815301076,1909f56bfc062723c751e8b465ee728b)
Start importing Assets/ImagenesPrueba/UseEnergyDrinkText.png using Guid(a76d480def3a992448c950326ad58b47) Importer(815301076,1909f56bfc062723c751e8b465ee728b)  -> (artifact id: '158e25b69185f4b6cd5e9b8f6008cc21') in 0.118854 seconds
  Import took 0.137808 seconds .

========================================================================
Received Import Request.
  Time since last request: 0.000247 seconds.
  path: Assets/ImagenesPrueba/Vida.png
  artifactKey: Guid(3d23ce13b8f67e345b21cc1b071023f9) Importer(815301076,1909f56bfc062723c751e8b465ee728b)
Start importing Assets/ImagenesPrueba/Vida.png using Guid(3d23ce13b8f67e345b21cc1b071023f9) Importer(815301076,1909f56bfc062723c751e8b465ee728b)  -> (artifact id: 'cd3008aa4e5d6e2f2583cfff70a36299') in 0.097000 seconds
  Import took 0.107059 seconds .

========================================================================
Received Import Request.
  Time since last request: 0.000579 seconds.
  path: Assets/Scenes/Main/ReflectionProbe-9.exr
  artifactKey: Guid(d076206b94113aa4cafb7a64d3bad847) Importer(815301076,1909f56bfc062723c751e8b465ee728b)
Start importing Assets/Scenes/Main/ReflectionProbe-9.exr using Guid(d076206b94113aa4cafb7a64d3bad847) Importer(815301076,1909f56bfc062723c751e8b465ee728b)  -> (artifact id: 'c8cf26ac2c5b56a680c6ac791fbede61') in 0.194457 seconds
  Import took 0.797467 seconds .

========================================================================
Received Import Request.
  Time since last request: 0.476048 seconds.
  path: Assets/ImagenesPrueba/Circuito.png
  artifactKey: Guid(52c2577b789fb74438e3b970e4d3e2ee) Importer(815301076,1909f56bfc062723c751e8b465ee728b)
Start importing Assets/ImagenesPrueba/Circuito.png using Guid(52c2577b789fb74438e3b970e4d3e2ee) Importer(815301076,1909f56bfc062723c751e8b465ee728b)  -> (artifact id: '831a7e853bf9b125772ff759c13097ba') in 0.278626 seconds
  Import took 0.454449 seconds .

========================================================================
Received Import Request.
  Time since last request: 0.000409 seconds.
  path: Assets/Scenes/Main/Lightmap-0_comp_dir.png
  artifactKey: Guid(d23ce938ae7d9b24bb791e4a71d3388f) Importer(815301076,1909f56bfc062723c751e8b465ee728b)
Start importing Assets/Scenes/Main/Lightmap-0_comp_dir.png using Guid(d23ce938ae7d9b24bb791e4a71d3388f) Importer(815301076,1909f56bfc062723c751e8b465ee728b)  -> (artifact id: 'b87bdb2c414f8c519e50f5047498c669') in 0.260493 seconds
  Import took 0.332562 seconds .

========================================================================
Received Import Request.
  Time since last request: 0.000281 seconds.
  path: Assets/Scenes/Main/Lightmap-0_comp_light.exr
  artifactKey: Guid(38645482f82302843938b3d9b2b8e345) Importer(815301076,1909f56bfc062723c751e8b465ee728b)
Start importing Assets/Scenes/Main/Lightmap-0_comp_light.exr using Guid(38645482f82302843938b3d9b2b8e345) Importer(815301076,1909f56bfc062723c751e8b465ee728b)  -> (artifact id: 'e58a48ac70886f443c0f8879ff2ceb4f') in 0.262353 seconds
  Import took 0.293374 seconds .

========================================================================
Received Import Request.
  Time since last request: 0.000231 seconds.
  path: Assets/Scenes/Profiles/DefaultProfile.asset
  artifactKey: Guid(30c76ed8c1bfdec468bc22dee567578c) Importer(815301076,1909f56bfc062723c751e8b465ee728b)
Start importing Assets/Scenes/Profiles/DefaultProfile.asset using Guid(30c76ed8c1bfdec468bc22dee567578c) Importer(815301076,1909f56bfc062723c751e8b465ee728b)  -> (artifact id: '24ef4729d6cafe3e5abc3f21050243a5') in 0.211583 seconds
  Import took 0.238522 seconds .

========================================================================
Received Import Request.
  Time since last request: 0.000255 seconds.
  path: Assets/Scenes/Main/ReflectionProbe-8.exr
  artifactKey: Guid(218bb83e223fd5946a08a96e879ca127) Importer(815301076,1909f56bfc062723c751e8b465ee728b)
Start importing Assets/Scenes/Main/ReflectionProbe-8.exr using Guid(218bb83e223fd5946a08a96e879ca127) Importer(815301076,1909f56bfc062723c751e8b465ee728b)  -> (artifact id: 'b4a02260ecb2b606b50cae263b67fa8d') in 0.140687 seconds
  Import took 0.171282 seconds .

========================================================================
Received Import Request.
  Time since last request: 0.000252 seconds.
  path: Assets/ImagenesPrueba/Chatarra.png
  artifactKey: Guid(2e6f7ef09a3e99a4eb55c1f4164eb78d) Importer(815301076,1909f56bfc062723c751e8b465ee728b)
Start importing Assets/ImagenesPrueba/Chatarra.png using Guid(2e6f7ef09a3e99a4eb55c1f4164eb78d) Importer(815301076,1909f56bfc062723c751e8b465ee728b)  -> (artifact id: 'c33eb81e46a014542215f06a11f5ca22') in 0.114896 seconds
  Import took 0.118465 seconds .

========================================================================
Received Import Request.
  Time since last request: 0.000251 seconds.
  path: Assets/Scenes/Main/ReflectionProbe-0.exr
  artifactKey: Guid(14d99eba68deb5c419739be53229234f) Importer(815301076,1909f56bfc062723c751e8b465ee728b)
Start importing Assets/Scenes/Main/ReflectionProbe-0.exr using Guid(14d99eba68deb5c419739be53229234f) Importer(815301076,1909f56bfc062723c751e8b465ee728b)  -> (artifact id: '2e80107bbd8eceb0a9927a6f74c2bd89') in 0.099979 seconds
  Import took 0.103642 seconds .

========================================================================
Received Import Request.
  Time since last request: 0.000260 seconds.
  path: Assets/Scenes/Main/ReflectionProbe-2.exr
  artifactKey: Guid(5c1be5c0a92e945418a09e0b4b56cd15) Importer(815301076,1909f56bfc062723c751e8b465ee728b)
Start importing Assets/Scenes/Main/ReflectionProbe-2.exr using Guid(5c1be5c0a92e945418a09e0b4b56cd15) Importer(815301076,1909f56bfc062723c751e8b465ee728b)  -> (artifact id: '144466df6ae1e7655f32dcfcb51d1924') in 0.105140 seconds
  Import took 1.251143 seconds .

========================================================================
Received Import Request.
  Time since last request: 0.000298 seconds.
  path: Assets/ImagenesPrueba/Mecha2.png
  artifactKey: Guid(24abcd4df76252942979b151f1e02523) Importer(815301076,1909f56bfc062723c751e8b465ee728b)
Start importing Assets/ImagenesPrueba/Mecha2.png using Guid(24abcd4df76252942979b151f1e02523) Importer(815301076,1909f56bfc062723c751e8b465ee728b)  -> (artifact id: '135c2e7964c9e47c4c18d22e4b4a94ee') in 1.243482 seconds
  Import took 1.249548 seconds .

========================================================================
Received Import Request.
  Time since last request: 0.000335 seconds.
  path: Assets/Scenes/SampleScene_Profiles/PostProcessing Profile.asset
  artifactKey: Guid(9067e4a92fb92f34587b7d3491c8efcc) Importer(815301076,1909f56bfc062723c751e8b465ee728b)
Start importing Assets/Scenes/SampleScene_Profiles/PostProcessing Profile.asset using Guid(9067e4a92fb92f34587b7d3491c8efcc) Importer(815301076,1909f56bfc062723c751e8b465ee728b)  -> (artifact id: 'aba2c5b7f0f8dbf491bf4146b7e084f4') in 0.054942 seconds
  Import took 0.073615 seconds .

========================================================================
Received Import Request.
  Time since last request: 0.000253 seconds.
  path: Assets/ImagenesPrueba/JunkCollectedText.png
  artifactKey: Guid(0545db4de976a734a967791e30747000) Importer(815301076,1909f56bfc062723c751e8b465ee728b)
Start importing Assets/ImagenesPrueba/JunkCollectedText.png using Guid(0545db4de976a734a967791e30747000) Importer(815301076,1909f56bfc062723c751e8b465ee728b)  -> (artifact id: '6b9173f01ae4aeae5c42cb4a8c82967f') in 0.180789 seconds
  Import took 0.185167 seconds .

========================================================================
Received Import Request.
  Time since last request: 0.000322 seconds.
  path: Assets/ImagenesPrueba/EnterMechText.png
  artifactKey: Guid(a717c43622581a14ba05f289346a778a) Importer(815301076,1909f56bfc062723c751e8b465ee728b)
Start importing Assets/ImagenesPrueba/EnterMechText.png using Guid(a717c43622581a14ba05f289346a778a) Importer(815301076,1909f56bfc062723c751e8b465ee728b)  -> (artifact id: '97e5af164183ba9ca6d3be0da7cdf51b') in 0.108515 seconds
  Import took 0.143411 seconds .

========================================================================
Received Import Request.
  Time since last request: 0.002340 seconds.
  path: Assets/Scenes/SampleScene
  artifactKey: Guid(7ca2d52458d2fd04ab0549f3a636856e) Importer(815301076,1909f56bfc062723c751e8b465ee728b)
Start importing Assets/Scenes/SampleScene using Guid(7ca2d52458d2fd04ab0549f3a636856e) Importer(815301076,1909f56bfc062723c751e8b465ee728b)  -> (artifact id: 'a298c5474fe4c1b15765d453c45eee40') in 0.114588 seconds
  Import took 0.127074 seconds .

========================================================================
Received Import Request.
  Time since last request: 0.001437 seconds.
  path: Assets/ImagenesPrueba/Engranaje.png
  artifactKey: Guid(66b1776f3022bfb4eb0ba9039a88e058) Importer(815301076,1909f56bfc062723c751e8b465ee728b)
Start importing Assets/ImagenesPrueba/Engranaje.png using Guid(66b1776f3022bfb4eb0ba9039a88e058) Importer(815301076,1909f56bfc062723c751e8b465ee728b)  -> (artifact id: '0db0262ecdcf73f60b1cb5915688161c') in 0.109519 seconds
  Import took 0.125183 seconds .

========================================================================
Received Prepare
Registering precompiled user dll's ...
Registered in 0.001200 seconds.
Begin MonoManager ReloadAssembly
Native extension for WindowsStandalone target not found
Refreshing native plugins compatible for Editor in 0.43 ms, found 0 plugins.
Preloading 0 native plugins for Editor in 0.00 ms.
Invoked RoslynAnalysisRunner static constructor.
RoslynAnalysisRunner will not be running.
RoslynAnalysisRunner has terminated.
Mono: successfully reloaded assembly
- Completed reload, in  2.344 seconds
Platform modules already initialized, skipping
Refreshing native plugins compatible for Editor in 0.42 ms, found 0 plugins.
Preloading 0 native plugins for Editor in 0.00 ms.
Unloading 1481 Unused Serialized files (Serialized files now loaded: 0)
System memory in use before: 149.3 MB.
System memory in use after: 149.3 MB.

Unloading 6 unused Assets to reduce memory usage. Loaded Objects now: 2044.
Total: 8.578800 ms (FindLiveObjects: 0.372800 ms CreateObjectMapping: 1.602700 ms MarkObjects: 6.122700 ms  DeleteObjects: 0.478000 ms)

========================================================================
Received Import Request.
  Time since last request: 380.486577 seconds.
  path: Assets/3D/MontonDeCircuitos.blend
  artifactKey: Guid(3ccfc2e94cf7a3342beddd95b203a98e) Importer(815301076,1909f56bfc062723c751e8b465ee728b)
Start importing Assets/3D/MontonDeCircuitos.blend using Guid(3ccfc2e94cf7a3342beddd95b203a98e) Importer(815301076,1909f56bfc062723c751e8b465ee728b)  -> (artifact id: '9e41d585f562b1f50e3927016c6f0610') in 2.814758 seconds
  Import took 2.932274 seconds .

========================================================================
Received Prepare
Registering precompiled user dll's ...
Registered in 0.001995 seconds.
Begin MonoManager ReloadAssembly
Native extension for WindowsStandalone target not found
Refreshing native plugins compatible for Editor in 0.49 ms, found 0 plugins.
Preloading 0 native plugins for Editor in 0.00 ms.
Invoked RoslynAnalysisRunner static constructor.
RoslynAnalysisRunner will not be running.
RoslynAnalysisRunner has terminated.
Mono: successfully reloaded assembly
- Completed reload, in  1.771 seconds
Platform modules already initialized, skipping
Refreshing native plugins compatible for Editor in 0.56 ms, found 0 plugins.
Preloading 0 native plugins for Editor in 0.00 ms.
Unloading 1480 Unused Serialized files (Serialized files now loaded: 0)
System memory in use before: 149.5 MB.
System memory in use after: 149.6 MB.

Unloading 6 unused Assets to reduce memory usage. Loaded Objects now: 2061.
Total: 2.335600 ms (FindLiveObjects: 0.267900 ms CreateObjectMapping: 0.065100 ms MarkObjects: 1.926200 ms  DeleteObjects: 0.074700 ms)

========================================================================
Received Import Request.
  Time since last request: 1023.654781 seconds.
  path: Assets/3D/FabricaPrueba2.blend
  artifactKey: Guid(2b53c588990ac2849b6f5fbd9a3e1884) Importer(815301076,1909f56bfc062723c751e8b465ee728b)
Start importing Assets/3D/FabricaPrueba2.blend using Guid(2b53c588990ac2849b6f5fbd9a3e1884) Importer(815301076,1909f56bfc062723c751e8b465ee728b)  -> (artifact id: '43c2d875ca9da016dc1cc647dee0d1b9') in 54.902733 seconds
  Import took 70.938381 seconds .

========================================================================
Received Prepare
Registering precompiled user dll's ...
Registered in 0.015665 seconds.
Begin MonoManager ReloadAssembly
Native extension for WindowsStandalone target not found
Refreshing native plugins compatible for Editor in 0.61 ms, found 0 plugins.
Preloading 0 native plugins for Editor in 0.00 ms.
Invoked RoslynAnalysisRunner static constructor.
RoslynAnalysisRunner will not be running.
RoslynAnalysisRunner has terminated.
Mono: successfully reloaded assembly
- Completed reload, in  5.839 seconds
Platform modules already initialized, skipping
Refreshing native plugins compatible for Editor in 0.46 ms, found 0 plugins.
Preloading 0 native plugins for Editor in 0.00 ms.
Unloading 1480 Unused Serialized files (Serialized files now loaded: 0)
System memory in use before: 152.7 MB.
System memory in use after: 152.8 MB.

Unloading 7 unused Assets to reduce memory usage. Loaded Objects now: 2065.
Total: 5.609500 ms (FindLiveObjects: 0.251500 ms CreateObjectMapping: 0.089300 ms MarkObjects: 5.068400 ms  DeleteObjects: 0.197800 ms)

========================================================================
Received Prepare
Registering precompiled user dll's ...
Registered in 0.001352 seconds.
Begin MonoManager ReloadAssembly
Native extension for WindowsStandalone target not found
Refreshing native plugins compatible for Editor in 1.16 ms, found 0 plugins.
Preloading 0 native plugins for Editor in 0.00 ms.
Invoked RoslynAnalysisRunner static constructor.
RoslynAnalysisRunner will not be running.
RoslynAnalysisRunner has terminated.
Mono: successfully reloaded assembly
- Completed reload, in  2.395 seconds
Platform modules already initialized, skipping
Refreshing native plugins compatible for Editor in 0.38 ms, found 0 plugins.
Preloading 0 native plugins for Editor in 0.00 ms.
Unloading 1480 Unused Serialized files (Serialized files now loaded: 0)
System memory in use before: 152.8 MB.
System memory in use after: 152.9 MB.

Unloading 6 unused Assets to reduce memory usage. Loaded Objects now: 2068.
Total: 3.384800 ms (FindLiveObjects: 0.582100 ms CreateObjectMapping: 0.086300 ms MarkObjects: 2.635400 ms  DeleteObjects: 0.079100 ms)

========================================================================
Received Import Request.
  Time since last request: 570.331190 seconds.
  path: Assets/Scripts/HumanAI.cs
  artifactKey: Guid(5297e146a267e6843b9d6eff36c23f53) Importer(815301076,1909f56bfc062723c751e8b465ee728b)
Start importing Assets/Scripts/HumanAI.cs using Guid(5297e146a267e6843b9d6eff36c23f53) Importer(815301076,1909f56bfc062723c751e8b465ee728b)  -> (artifact id: '90132d03a9b9bd3ed6d8e07eb9b6e457') in 3.981182 seconds
  Import took 4.249286 seconds .

========================================================================
Received Prepare
Registering precompiled user dll's ...
Registered in 0.049533 seconds.
Begin MonoManager ReloadAssembly
Native extension for WindowsStandalone target not found
Refreshing native plugins compatible for Editor in 0.39 ms, found 0 plugins.
Preloading 0 native plugins for Editor in 0.00 ms.
Invoked RoslynAnalysisRunner static constructor.
RoslynAnalysisRunner will not be running.
RoslynAnalysisRunner has terminated.
Mono: successfully reloaded assembly
- Completed reload, in  1.699 seconds
Platform modules already initialized, skipping
Refreshing native plugins compatible for Editor in 0.45 ms, found 0 plugins.
Preloading 0 native plugins for Editor in 0.00 ms.
Unloading 1481 Unused Serialized files (Serialized files now loaded: 0)
System memory in use before: 152.8 MB.
System memory in use after: 152.9 MB.

Unloading 6 unused Assets to reduce memory usage. Loaded Objects now: 2072.
Total: 4.011100 ms (FindLiveObjects: 0.619200 ms CreateObjectMapping: 0.067600 ms MarkObjects: 3.239400 ms  DeleteObjects: 0.082900 ms)

========================================================================
Received Import Request.
  Time since last request: 916.148746 seconds.
  path: Assets/Scripts/AIScript.cs
  artifactKey: Guid(4fdb40e56ef401241b8195cfbb6b3785) Importer(815301076,1909f56bfc062723c751e8b465ee728b)
Start importing Assets/Scripts/AIScript.cs using Guid(4fdb40e56ef401241b8195cfbb6b3785) Importer(815301076,1909f56bfc062723c751e8b465ee728b)  -> (artifact id: '47af72dd819e149c7e2fb6abe40883a8') in 0.316259 seconds
  Import took 0.402784 seconds .

========================================================================
Received Prepare
Registering precompiled user dll's ...
Registered in 0.001377 seconds.
Begin MonoManager ReloadAssembly
Native extension for WindowsStandalone target not found
Refreshing native plugins compatible for Editor in 2.02 ms, found 0 plugins.
Preloading 0 native plugins for Editor in 0.00 ms.
Invoked RoslynAnalysisRunner static constructor.
RoslynAnalysisRunner will not be running.
RoslynAnalysisRunner has terminated.
Mono: successfully reloaded assembly
- Completed reload, in  5.285 seconds
Platform modules already initialized, skipping
Refreshing native plugins compatible for Editor in 0.40 ms, found 0 plugins.
Preloading 0 native plugins for Editor in 0.00 ms.
Unloading 1481 Unused Serialized files (Serialized files now loaded: 0)
System memory in use before: 152.8 MB.
System memory in use after: 152.9 MB.

Unloading 6 unused Assets to reduce memory usage. Loaded Objects now: 2075.
Total: 3.202200 ms (FindLiveObjects: 0.463000 ms CreateObjectMapping: 0.146800 ms MarkObjects: 2.514500 ms  DeleteObjects: 0.076300 ms)

========================================================================
Received Prepare
Registering precompiled user dll's ...
Registered in 0.006151 seconds.
Begin MonoManager ReloadAssembly
Native extension for WindowsStandalone target not found
Refreshing native plugins compatible for Editor in 0.61 ms, found 0 plugins.
Preloading 0 native plugins for Editor in 0.00 ms.
Invoked RoslynAnalysisRunner static constructor.
RoslynAnalysisRunner will not be running.
RoslynAnalysisRunner has terminated.
Mono: successfully reloaded assembly
- Completed reload, in  2.841 seconds
Platform modules already initialized, skipping
Refreshing native plugins compatible for Editor in 1.06 ms, found 0 plugins.
Preloading 0 native plugins for Editor in 0.00 ms.
Unloading 1481 Unused Serialized files (Serialized files now loaded: 0)
System memory in use before: 152.9 MB.
System memory in use after: 153.0 MB.

Unloading 6 unused Assets to reduce memory usage. Loaded Objects now: 2078.
Total: 7.206400 ms (FindLiveObjects: 0.232500 ms CreateObjectMapping: 0.077000 ms MarkObjects: 6.812400 ms  DeleteObjects: 0.082700 ms)

AssetImportWorkerClient::OnTransportError - code=2 error=End of file
